<?xml version="1.0" encoding="UTF-8"?>
<!-- Generated by org.testng.reporters.JUnitReportReporter -->
<testsuite hostname="DESKTOP-PRI1S77" failures="0" tests="1" name="com.naukri.dataprovider.demo" time="0.012" errors="0" timestamp="2021-01-31T11:24:38 IST" skipped="0">
  <testcase classname="com.naukri.dataprovider.demo" name="loginWithChrome" time="0.012"/>
  <system-out/>
</testsuite> <!-- com.naukri.dataprovider.demo -->
