<?xml version="1.0" encoding="UTF-8"?>
<!-- Generated by org.testng.reporters.JUnitReportReporter -->
<testsuite hostname="DESKTOP-PRI1S77" failures="0" tests="1" name="com.naukri.extentreport.NaukriExtent" time="2.444" errors="0" timestamp="2021-02-05T14:21:36 IST" skipped="0">
  <testcase classname="com.naukri.extentreport.NaukriExtent" name="extenttest" time="2.444"/>
  <system-out/>
</testsuite> <!-- com.naukri.extentreport.NaukriExtent -->
